<?xml version="1.0" encoding="UTF-8"?>
<testng-results ignored="0" total="1" passed="1" failed="0" skipped="0">
  <reporter-output>
  </reporter-output>
  <suite started-at="2020-10-24T20:53:39Z" name="Regression" finished-at="2020-10-24T20:53:41Z" duration-ms="2403">
    <groups>
    </groups>
    <test started-at="2020-10-24T20:53:39Z" name="Calender events tests" finished-at="2020-10-24T20:53:41Z" duration-ms="2403">
      <class name="tests.FramesDemo">
        <test-method signature="TestFrame()[pri:0, instance:tests.FramesDemo@37fb0bed]" started-at="2020-10-24T20:53:39Z" name="TestFrame" finished-at="2020-10-24T20:53:41Z" duration-ms="2390" status="PASS">
          <reporter-output>
          </reporter-output>
        </test-method> <!-- TestFrame -->
      </class> <!-- tests.FramesDemo -->
    </test> <!-- Calender events tests -->
  </suite> <!-- Regression -->
</testng-results>
